<?xml version="1.0" encoding="UTF-8"?>
<testsuite name="com.ejercicio.ejerciciotallerfinal.EjercicioTallerfinalApplicationTests" tests="1" skipped="0" failures="0" errors="0" timestamp="2021-08-20T01:57:19" hostname="DESKTOP-GQ49ICJ" time="0.136">
  <properties/>
  <testcase name="contextLoads()" classname="com.ejercicio.ejerciciotallerfinal.EjercicioTallerfinalApplicationTests" time="0.136"/>
  <system-out><![CDATA[20:57:00.168 [Test worker] DEBUG org.springframework.test.context.BootstrapUtils - Instantiating CacheAwareContextLoaderDelegate from class [org.springframework.test.context.cache.DefaultCacheAwareContextLoaderDelegate]
20:57:00.182 [Test worker] DEBUG org.springframework.test.context.BootstrapUtils - Instantiating BootstrapContext using constructor [public org.springframework.test.context.support.DefaultBootstrapContext(java.lang.Class,org.springframework.test.context.CacheAwareContextLoaderDelegate)]
20:57:00.217 [Test worker] DEBUG org.springframework.test.context.BootstrapUtils - Instantiating TestContextBootstrapper for test class [com.ejercicio.ejerciciotallerfinal.EjercicioTallerfinalApplicationTests] from class [org.springframework.boot.test.context.SpringBootTestContextBootstrapper]
20:57:00.229 [Test worker] INFO org.springframework.boot.test.context.SpringBootTestContextBootstrapper - Neither @ContextConfiguration nor @ContextHierarchy found for test class [com.ejercicio.ejerciciotallerfinal.EjercicioTallerfinalApplicationTests], using SpringBootContextLoader
20:57:00.233 [Test worker] DEBUG org.springframework.test.context.support.AbstractContextLoader - Did not detect default resource location for test class [com.ejercicio.ejerciciotallerfinal.EjercicioTallerfinalApplicationTests]: class path resource [com/ejercicio/ejerciciotallerfinal/EjercicioTallerfinalApplicationTests-context.xml] does not exist
20:57:00.234 [Test worker] DEBUG org.springframework.test.context.support.AbstractContextLoader - Did not detect default resource location for test class [com.ejercicio.ejerciciotallerfinal.EjercicioTallerfinalApplicationTests]: class path resource [com/ejercicio/ejerciciotallerfinal/EjercicioTallerfinalApplicationTestsContext.groovy] does not exist
20:57:00.234 [Test worker] INFO org.springframework.test.context.support.AbstractContextLoader - Could not detect default resource locations for test class [com.ejercicio.ejerciciotallerfinal.EjercicioTallerfinalApplicationTests]: no resource found for suffixes {-context.xml, Context.groovy}.
20:57:00.235 [Test worker] INFO org.springframework.test.context.support.AnnotationConfigContextLoaderUtils - Could not detect default configuration classes for test class [com.ejercicio.ejerciciotallerfinal.EjercicioTallerfinalApplicationTests]: EjercicioTallerfinalApplicationTests does not declare any static, non-private, non-final, nested classes annotated with @Configuration.
20:57:00.282 [Test worker] DEBUG org.springframework.test.context.support.ActiveProfilesUtils - Could not find an 'annotation declaring class' for annotation type [org.springframework.test.context.ActiveProfiles] and class [com.ejercicio.ejerciciotallerfinal.EjercicioTallerfinalApplicationTests]
20:57:00.351 [Test worker] DEBUG org.springframework.context.annotation.ClassPathScanningCandidateComponentProvider - Identified candidate component class: file [C:\Users\CFS-101\Desktop\ejercicio_finaljava\ejercicio-tallerfinal\build\classes\java\main\com\ejercicio\ejerciciotallerfinal\EjercicioTallerfinalApplication.class]
20:57:00.352 [Test worker] INFO org.springframework.boot.test.context.SpringBootTestContextBootstrapper - Found @SpringBootConfiguration com.ejercicio.ejerciciotallerfinal.EjercicioTallerfinalApplication for test class com.ejercicio.ejerciciotallerfinal.EjercicioTallerfinalApplicationTests
20:57:00.466 [Test worker] DEBUG org.springframework.boot.test.context.SpringBootTestContextBootstrapper - @TestExecutionListeners is not present for class [com.ejercicio.ejerciciotallerfinal.EjercicioTallerfinalApplicationTests]: using defaults.
20:57:00.466 [Test worker] INFO org.springframework.boot.test.context.SpringBootTestContextBootstrapper - Loaded default TestExecutionListener class names from location [META-INF/spring.factories]: [org.springframework.boot.test.autoconfigure.restdocs.RestDocsTestExecutionListener, org.springframework.boot.test.autoconfigure.web.client.MockRestServiceServerResetTestExecutionListener, org.springframework.boot.test.autoconfigure.web.servlet.MockMvcPrintOnlyOnFailureTestExecutionListener, org.springframework.boot.test.autoconfigure.web.servlet.WebDriverTestExecutionListener, org.springframework.boot.test.autoconfigure.webservices.client.MockWebServiceServerTestExecutionListener, org.springframework.boot.test.mock.mockito.MockitoTestExecutionListener, org.springframework.boot.test.mock.mockito.ResetMocksTestExecutionListener, org.springframework.test.context.web.ServletTestExecutionListener, org.springframework.test.context.support.DirtiesContextBeforeModesTestExecutionListener, org.springframework.test.context.event.ApplicationEventsTestExecutionListener, org.springframework.test.context.support.DependencyInjectionTestExecutionListener, org.springframework.test.context.support.DirtiesContextTestExecutionListener, org.springframework.test.context.transaction.TransactionalTestExecutionListener, org.springframework.test.context.jdbc.SqlScriptsTestExecutionListener, org.springframework.test.context.event.EventPublishingTestExecutionListener]
20:57:00.487 [Test worker] INFO org.springframework.boot.test.context.SpringBootTestContextBootstrapper - Using TestExecutionListeners: [org.springframework.test.context.web.ServletTestExecutionListener@4923e776, org.springframework.test.context.support.DirtiesContextBeforeModesTestExecutionListener@3a026a33, org.springframework.test.context.event.ApplicationEventsTestExecutionListener@181fc11b, org.springframework.boot.test.mock.mockito.MockitoTestExecutionListener@2587a4f6, org.springframework.boot.test.autoconfigure.SpringBootDependencyInjectionTestExecutionListener@7349ff67, org.springframework.test.context.support.DirtiesContextTestExecutionListener@5a3350cf, org.springframework.test.context.transaction.TransactionalTestExecutionListener@3c42558b, org.springframework.test.context.jdbc.SqlScriptsTestExecutionListener@247ae6e1, org.springframework.test.context.event.EventPublishingTestExecutionListener@18f487ce, org.springframework.boot.test.autoconfigure.restdocs.RestDocsTestExecutionListener@58810937, org.springframework.boot.test.autoconfigure.web.client.MockRestServiceServerResetTestExecutionListener@7641e1a1, org.springframework.boot.test.autoconfigure.web.servlet.MockMvcPrintOnlyOnFailureTestExecutionListener@57f4c66, org.springframework.boot.test.autoconfigure.web.servlet.WebDriverTestExecutionListener@398971f0, org.springframework.boot.test.autoconfigure.webservices.client.MockWebServiceServerTestExecutionListener@69110f47, org.springframework.boot.test.mock.mockito.ResetMocksTestExecutionListener@1024a72d]
20:57:00.500 [Test worker] DEBUG org.springframework.test.context.support.AbstractDirtiesContextTestExecutionListener - Before test class: context [DefaultTestContext@10ef458d testClass = EjercicioTallerfinalApplicationTests, testInstance = [null], testMethod = [null], testException = [null], mergedContextConfiguration = [WebMergedContextConfiguration@79ac6825 testClass = EjercicioTallerfinalApplicationTests, locations = '{}', classes = '{class com.ejercicio.ejerciciotallerfinal.EjercicioTallerfinalApplication}', contextInitializerClasses = '[]', activeProfiles = '{}', propertySourceLocations = '{}', propertySourceProperties = '{org.springframework.boot.test.context.SpringBootTestContextBootstrapper=true}', contextCustomizers = set[org.springframework.boot.test.autoconfigure.actuate.metrics.MetricsExportContextCustomizerFactory$DisableMetricExportContextCustomizer@58e899bf, org.springframework.boot.test.autoconfigure.properties.PropertyMappingContextCustomizer@0, org.springframework.boot.test.autoconfigure.web.servlet.WebDriverContextCustomizerFactory$Customizer@36cf4e80, org.springframework.boot.test.context.filter.ExcludeFilterContextCustomizer@76703148, org.springframework.boot.test.json.DuplicateJsonObjectContextCustomizerFactory$DuplicateJsonObjectContextCustomizer@39059425, org.springframework.boot.test.mock.mockito.MockitoContextCustomizer@0, org.springframework.boot.test.web.client.TestRestTemplateContextCustomizer@6c2fa0bc, org.springframework.boot.test.context.SpringBootTestArgs@1, org.springframework.boot.test.context.SpringBootTestWebEnvironment@2fe5c6f3], resourceBasePath = 'src/main/webapp', contextLoader = 'org.springframework.boot.test.context.SpringBootContextLoader', parent = [null]], attributes = map['org.springframework.test.context.web.ServletTestExecutionListener.activateListener' -> true]], class annotated with @DirtiesContext [false] with mode [null].
20:57:00.540 [Test worker] DEBUG org.springframework.test.context.support.TestPropertySourceUtils - Adding inlined properties to environment: {spring.jmx.enabled=false, org.springframework.boot.test.context.SpringBootTestContextBootstrapper=true}

  .   ____          _            __ _ _
 /\\ / ___'_ __ _ _(_)_ __  __ _ \ \ \ \
( ( )\___ | '_ | '_| | '_ \/ _` | \ \ \ \
 \\/  ___)| |_)| | | | | || (_| |  ) ) ) )
  '  |____| .__|_| |_|_| |_\__, | / / / /
 =========|_|==============|___/=/_/_/_/
 :: Spring Boot ::                (v2.5.3)

2021-08-19 20:57:00.868  INFO 6716 --- [    Test worker] e.e.EjercicioTallerfinalApplicationTests : Starting EjercicioTallerfinalApplicationTests using Java 11.0.12 on DESKTOP-GQ49ICJ with PID 6716 (started by CFS-101 in C:\Users\CFS-101\Desktop\ejercicio_finaljava\ejercicio-tallerfinal)
2021-08-19 20:57:00.869  INFO 6716 --- [    Test worker] e.e.EjercicioTallerfinalApplicationTests : The following profiles are active: dev
2021-08-19 20:57:01.966  INFO 6716 --- [    Test worker] .s.d.r.c.RepositoryConfigurationDelegate : Bootstrapping Spring Data JPA repositories in DEFAULT mode.
2021-08-19 20:57:02.027  INFO 6716 --- [    Test worker] .s.d.r.c.RepositoryConfigurationDelegate : Finished Spring Data repository scanning in 52 ms. Found 1 JPA repository interfaces.
2021-08-19 20:57:02.679  INFO 6716 --- [    Test worker] com.zaxxer.hikari.HikariDataSource       : HikariPool-1 - Starting...
2021-08-19 20:57:03.960  INFO 6716 --- [    Test worker] com.zaxxer.hikari.HikariDataSource       : HikariPool-1 - Start completed.
2021-08-19 20:57:04.032  INFO 6716 --- [    Test worker] o.hibernate.jpa.internal.util.LogHelper  : HHH000204: Processing PersistenceUnitInfo [name: default]
2021-08-19 20:57:04.101  INFO 6716 --- [    Test worker] org.hibernate.Version                    : HHH000412: Hibernate ORM core version 5.4.32.Final
2021-08-19 20:57:04.267  INFO 6716 --- [    Test worker] o.hibernate.annotations.common.Version   : HCANN000001: Hibernate Commons Annotations {5.1.2.Final}
2021-08-19 20:57:04.619  INFO 6716 --- [    Test worker] org.hibernate.dialect.Dialect            : HHH000400: Using dialect: org.hibernate.dialect.PostgreSQL10Dialect
2021-08-19 20:57:17.702  INFO 6716 --- [    Test worker] o.h.e.t.j.p.i.JtaPlatformInitiator       : HHH000490: Using JtaPlatform implementation: [org.hibernate.engine.transaction.jta.platform.internal.NoJtaPlatform]
2021-08-19 20:57:17.715  INFO 6716 --- [    Test worker] j.LocalContainerEntityManagerFactoryBean : Initialized JPA EntityManagerFactory for persistence unit 'default'
2021-08-19 20:57:18.448  WARN 6716 --- [    Test worker] JpaBaseConfiguration$JpaWebConfiguration : spring.jpa.open-in-view is enabled by default. Therefore, database queries may be performed during view rendering. Explicitly configure spring.jpa.open-in-view to disable this warning
2021-08-19 20:57:18.857  INFO 6716 --- [    Test worker] pertySourcedRequestMappingHandlerMapping : Mapped URL path [/v2/api-docs] onto method [springfox.documentation.swagger2.web.Swagger2Controller#getDocumentation(String, HttpServletRequest)]
2021-08-19 20:57:19.607  INFO 6716 --- [    Test worker] d.s.w.p.DocumentationPluginsBootstrapper : Context refreshed
2021-08-19 20:57:19.637  INFO 6716 --- [    Test worker] d.s.w.p.DocumentationPluginsBootstrapper : Found 1 custom documentation plugin(s)
2021-08-19 20:57:19.669  INFO 6716 --- [    Test worker] s.d.s.w.s.ApiListingReferenceScanner     : Scanning for api listing references
2021-08-19 20:57:19.853  INFO 6716 --- [    Test worker] e.e.EjercicioTallerfinalApplicationTests : Started EjercicioTallerfinalApplicationTests in 19.305 seconds (JVM running for 20.827)
]]></system-out>
  <system-err><![CDATA[]]></system-err>
</testsuite>
